The target system is: Generic - 4.2.99 - arm
The host system is: Linux - 6.8.0-101-generic - x86_64
Compiling the C compiler identification source file "CMakeCCompilerId.c" succeeded.
Compiler: /home/hamza/ncs/toolchains/43683a87ea/opt/zephyr-sdk/arm-zephyr-eabi/bin/arm-zephyr-eabi-gcc 
Build flags: 
Id flags: -c 

The output was:
0


Compilation of the C compiler identification source "CMakeCCompilerId.c" produced "CMakeCCompilerId.o"

The C compiler identification is GNU, found in "/home/hamza/Projects_RTOS/projet_montre_connecte/neveau_dessin/SquareLine_Project/build/SquareLine_Project/CMakeFiles/3.21.0/CompilerIdC/CMakeCCompilerId.o"

Compiling the CXX compiler identification source file "CMakeCXXCompilerId.cpp" succeeded.
Compiler: /home/hamza/ncs/toolchains/43683a87ea/opt/zephyr-sdk/arm-zephyr-eabi/bin/arm-zephyr-eabi-g++ 
Build flags: 
Id flags: -c 

The output was:
0


Compilation of the CXX compiler identification source "CMakeCXXCompilerId.cpp" produced "CMakeCXXCompilerId.o"

The CXX compiler identification is GNU, found in "/home/hamza/Projects_RTOS/projet_montre_connecte/neveau_dessin/SquareLine_Project/build/SquareLine_Project/CMakeFiles/3.21.0/CompilerIdCXX/CMakeCXXCompilerId.o"

Checking whether the ASM compiler is GNU using "--version" matched "(GNU assembler)|(GCC)|(Free Software Foundation)":
arm-zephyr-eabi-gcc (Zephyr SDK 0.17.0) 12.2.0
Copyright (C) 2022 Free Software Foundation, Inc.
This is free software; see the source for copying conditions.  There is NO
warranty; not even for MERCHANTABILITY or FITNESS FOR A PARTICULAR PURPOSE.

Determining if files stdatomic.h exist passed with the following output:
Change Dir: /home/hamza/Projects_RTOS/projet_montre_connecte/neveau_dessin/SquareLine_Project/build/SquareLine_Project/CMakeFiles/CMakeTmp

Run Build Command(s):/home/hamza/ncs/toolchains/43683a87ea/usr/local/bin/ninja cmTC_af35c && [1/2] Building C object CMakeFiles/cmTC_af35c.dir/HAVE_STDATOMIC_H.c.obj
[2/2] Linking C executable cmTC_af35c
arm-zephyr-eabi-gcc: warning: CMakeFiles/cmTC_af35c.dir/HAVE_STDATOMIC_H.c.obj: linker input file unused because linking not done



Determining if files fcntl.h exist passed with the following output:
Change Dir: /home/hamza/Projects_RTOS/projet_montre_connecte/neveau_dessin/SquareLine_Project/build/SquareLine_Project/CMakeFiles/CMakeTmp

Run Build Command(s):/home/hamza/ncs/toolchains/43683a87ea/usr/local/bin/ninja cmTC_3621e && [1/2] Building C object CMakeFiles/cmTC_3621e.dir/HAVE_FCNTL_H.c.obj
[2/2] Linking C executable cmTC_3621e
arm-zephyr-eabi-gcc: warning: CMakeFiles/cmTC_3621e.dir/HAVE_FCNTL_H.c.obj: linker input file unused because linking not done



Performing C SOURCE FILE Test check_C__c__nostartfiles__nostdlib__isystem___home_hamza_ncs_toolchains_43683a87ea_opt_zephyr_sdk_arm_zephyr_eabi_bin____lib_gcc_arm_zephyr_eabi_12_2_0_include___isystem___home_hamza_ncs_toolchains_43683a87ea_opt_zephyr_sdk_arm_zephyr_eabi_bin____lib_gcc_arm_zephyr_eabi_12_2_0_include_fixed___Wl___unresolved_symbols_ignore_in_object_files__Wl___entry_0__fuse_ld_bfd succeeded with the following output:
Change Dir: /home/hamza/Projects_RTOS/projet_montre_connecte/neveau_dessin/SquareLine_Project/build/SquareLine_Project/CMakeFiles/CMakeTmp

Run Build Command(s):/home/hamza/ncs/toolchains/43683a87ea/usr/local/bin/ninja cmTC_1508b && [1/2] Building C object CMakeFiles/cmTC_1508b.dir/src.c.obj
[2/2] Linking C executable cmTC_1508b
arm-zephyr-eabi-gcc: warning: CMakeFiles/cmTC_1508b.dir/src.c.obj: linker input file unused because linking not done


Source file was:
int main(void) { return 0; }
Performing C SOURCE FILE Test check_Wall_C__c__nostartfiles__nostdlib__isystem___home_hamza_ncs_toolchains_43683a87ea_opt_zephyr_sdk_arm_zephyr_eabi_bin____lib_gcc_arm_zephyr_eabi_12_2_0_include___isystem___home_hamza_ncs_toolchains_43683a87ea_opt_zephyr_sdk_arm_zephyr_eabi_bin____lib_gcc_arm_zephyr_eabi_12_2_0_include_fixed___Wl___unresolved_symbols_ignore_in_object_files__Wl___entry_0__fuse_ld_bfd succeeded with the following output:
Change Dir: /home/hamza/Projects_RTOS/projet_montre_connecte/neveau_dessin/SquareLine_Project/build/SquareLine_Project/CMakeFiles/CMakeTmp

Run Build Command(s):/home/hamza/ncs/toolchains/43683a87ea/usr/local/bin/ninja cmTC_0aa6c && [1/2] Building C object CMakeFiles/cmTC_0aa6c.dir/src.c.obj
[2/2] Linking C executable cmTC_0aa6c
arm-zephyr-eabi-gcc: warning: CMakeFiles/cmTC_0aa6c.dir/src.c.obj: linker input file unused because linking not done


Source file was:
int main(void) { return 0; }
Performing C SOURCE FILE Test check_Wformat__Wformat_security_C__c__nostartfiles__nostdlib__isystem___home_hamza_ncs_toolchains_43683a87ea_opt_zephyr_sdk_arm_zephyr_eabi_bin____lib_gcc_arm_zephyr_eabi_12_2_0_include___isystem___home_hamza_ncs_toolchains_43683a87ea_opt_zephyr_sdk_arm_zephyr_eabi_bin____lib_gcc_arm_zephyr_eabi_12_2_0_include_fixed___Wl___unresolved_symbols_ignore_in_object_files__Wl___entry_0__fuse_ld_bfd succeeded with the following output:
Change Dir: /home/hamza/Projects_RTOS/projet_montre_connecte/neveau_dessin/SquareLine_Project/build/SquareLine_Project/CMakeFiles/CMakeTmp

Run Build Command(s):/home/hamza/ncs/toolchains/43683a87ea/usr/local/bin/ninja cmTC_e7f05 && [1/2] Building C object CMakeFiles/cmTC_e7f05.dir/src.c.obj
[2/2] Linking C executable cmTC_e7f05
arm-zephyr-eabi-gcc: warning: CMakeFiles/cmTC_e7f05.dir/src.c.obj: linker input file unused because linking not done


Source file was:
int main(void) { return 0; }
Performing C SOURCE FILE Test check_Wformat__Wformat_zero_length_C__c__nostartfiles__nostdlib__isystem___home_hamza_ncs_toolchains_43683a87ea_opt_zephyr_sdk_arm_zephyr_eabi_bin____lib_gcc_arm_zephyr_eabi_12_2_0_include___isystem___home_hamza_ncs_toolchains_43683a87ea_opt_zephyr_sdk_arm_zephyr_eabi_bin____lib_gcc_arm_zephyr_eabi_12_2_0_include_fixed___Wl___unresolved_symbols_ignore_in_object_files__Wl___entry_0__fuse_ld_bfd succeeded with the following output:
Change Dir: /home/hamza/Projects_RTOS/projet_montre_connecte/neveau_dessin/SquareLine_Project/build/SquareLine_Project/CMakeFiles/CMakeTmp

Run Build Command(s):/home/hamza/ncs/toolchains/43683a87ea/usr/local/bin/ninja cmTC_aa77d && [1/2] Building C object CMakeFiles/cmTC_aa77d.dir/src.c.obj
[2/2] Linking C executable cmTC_aa77d
arm-zephyr-eabi-gcc: warning: CMakeFiles/cmTC_aa77d.dir/src.c.obj: linker input file unused because linking not done


Source file was:
int main(void) { return 0; }
Performing C SOURCE FILE Test check_Wdouble_promotion_C__c__nostartfiles__nostdlib__isystem___home_hamza_ncs_toolchains_43683a87ea_opt_zephyr_sdk_arm_zephyr_eabi_bin____lib_gcc_arm_zephyr_eabi_12_2_0_include___isystem___home_hamza_ncs_toolchains_43683a87ea_opt_zephyr_sdk_arm_zephyr_eabi_bin____lib_gcc_arm_zephyr_eabi_12_2_0_include_fixed___Wl___unresolved_symbols_ignore_in_object_files__Wl___entry_0__fuse_ld_bfd succeeded with the following output:
Change Dir: /home/hamza/Projects_RTOS/projet_montre_connecte/neveau_dessin/SquareLine_Project/build/SquareLine_Project/CMakeFiles/CMakeTmp

Run Build Command(s):/home/hamza/ncs/toolchains/43683a87ea/usr/local/bin/ninja cmTC_36005 && [1/2] Building C object CMakeFiles/cmTC_36005.dir/src.c.obj
[2/2] Linking C executable cmTC_36005
arm-zephyr-eabi-gcc: warning: CMakeFiles/cmTC_36005.dir/src.c.obj: linker input file unused because linking not done


Source file was:
int main(void) { return 0; }
Performing C SOURCE FILE Test check_Wpointer_sign_C__c__nostartfiles__nostdlib__isystem___home_hamza_ncs_toolchains_43683a87ea_opt_zephyr_sdk_arm_zephyr_eabi_bin____lib_gcc_arm_zephyr_eabi_12_2_0_include___isystem___home_hamza_ncs_toolchains_43683a87ea_opt_zephyr_sdk_arm_zephyr_eabi_bin____lib_gcc_arm_zephyr_eabi_12_2_0_include_fixed___Wl___unresolved_symbols_ignore_in_object_files__Wl___entry_0__fuse_ld_bfd succeeded with the following output:
Change Dir: /home/hamza/Projects_RTOS/projet_montre_connecte/neveau_dessin/SquareLine_Project/build/SquareLine_Project/CMakeFiles/CMakeTmp

Run Build Command(s):/home/hamza/ncs/toolchains/43683a87ea/usr/local/bin/ninja cmTC_a1351 && [1/2] Building C object CMakeFiles/cmTC_a1351.dir/src.c.obj
[2/2] Linking C executable cmTC_a1351
arm-zephyr-eabi-gcc: warning: CMakeFiles/cmTC_a1351.dir/src.c.obj: linker input file unused because linking not done


Source file was:
int main(void) { return 0; }
Performing C SOURCE FILE Test check_Wpointer_arith_C__c__nostartfiles__nostdlib__isystem___home_hamza_ncs_toolchains_43683a87ea_opt_zephyr_sdk_arm_zephyr_eabi_bin____lib_gcc_arm_zephyr_eabi_12_2_0_include___isystem___home_hamza_ncs_toolchains_43683a87ea_opt_zephyr_sdk_arm_zephyr_eabi_bin____lib_gcc_arm_zephyr_eabi_12_2_0_include_fixed___Wl___unresolved_symbols_ignore_in_object_files__Wl___entry_0__fuse_ld_bfd succeeded with the following output:
Change Dir: /home/hamza/Projects_RTOS/projet_montre_connecte/neveau_dessin/SquareLine_Project/build/SquareLine_Project/CMakeFiles/CMakeTmp

Run Build Command(s):/home/hamza/ncs/toolchains/43683a87ea/usr/local/bin/ninja cmTC_bfb92 && [1/2] Building C object CMakeFiles/cmTC_bfb92.dir/src.c.obj
[2/2] Linking C executable cmTC_bfb92
arm-zephyr-eabi-gcc: warning: CMakeFiles/cmTC_bfb92.dir/src.c.obj: linker input file unused because linking not done


Source file was:
int main(void) { return 0; }
Performing C SOURCE FILE Test check_Wexpansion_to_defined_C__c__nostartfiles__nostdlib__isystem___home_hamza_ncs_toolchains_43683a87ea_opt_zephyr_sdk_arm_zephyr_eabi_bin____lib_gcc_arm_zephyr_eabi_12_2_0_include___isystem___home_hamza_ncs_toolchains_43683a87ea_opt_zephyr_sdk_arm_zephyr_eabi_bin____lib_gcc_arm_zephyr_eabi_12_2_0_include_fixed___Wl___unresolved_symbols_ignore_in_object_files__Wl___entry_0__fuse_ld_bfd succeeded with the following output:
Change Dir: /home/hamza/Projects_RTOS/projet_montre_connecte/neveau_dessin/SquareLine_Project/build/SquareLine_Project/CMakeFiles/CMakeTmp

Run Build Command(s):/home/hamza/ncs/toolchains/43683a87ea/usr/local/bin/ninja cmTC_7d08e && [1/2] Building C object CMakeFiles/cmTC_7d08e.dir/src.c.obj
[2/2] Linking C executable cmTC_7d08e
arm-zephyr-eabi-gcc: warning: CMakeFiles/cmTC_7d08e.dir/src.c.obj: linker input file unused because linking not done


Source file was:
int main(void) { return 0; }
Performing C SOURCE FILE Test check_Wlogical_op_C__c__nostartfiles__nostdlib__isystem___home_hamza_ncs_toolchains_43683a87ea_opt_zephyr_sdk_arm_zephyr_eabi_bin____lib_gcc_arm_zephyr_eabi_12_2_0_include___isystem___home_hamza_ncs_toolchains_43683a87ea_opt_zephyr_sdk_arm_zephyr_eabi_bin____lib_gcc_arm_zephyr_eabi_12_2_0_include_fixed___Wl___unresolved_symbols_ignore_in_object_files__Wl___entry_0__fuse_ld_bfd succeeded with the following output:
Change Dir: /home/hamza/Projects_RTOS/projet_montre_connecte/neveau_dessin/SquareLine_Project/build/SquareLine_Project/CMakeFiles/CMakeTmp

Run Build Command(s):/home/hamza/ncs/toolchains/43683a87ea/usr/local/bin/ninja cmTC_84e81 && [1/2] Building C object CMakeFiles/cmTC_84e81.dir/src.c.obj
[2/2] Linking C executable cmTC_84e81
arm-zephyr-eabi-gcc: warning: CMakeFiles/cmTC_84e81.dir/src.c.obj: linker input file unused because linking not done


Source file was:
int main(void) { return 0; }
Performing C SOURCE FILE Test check_Wmissing_field_initializers_C__c__nostartfiles__nostdlib__isystem___home_hamza_ncs_toolchains_43683a87ea_opt_zephyr_sdk_arm_zephyr_eabi_bin____lib_gcc_arm_zephyr_eabi_12_2_0_include___isystem___home_hamza_ncs_toolchains_43683a87ea_opt_zephyr_sdk_arm_zephyr_eabi_bin____lib_gcc_arm_zephyr_eabi_12_2_0_include_fixed___Wl___unresolved_symbols_ignore_in_object_files__Wl___entry_0__fuse_ld_bfd succeeded with the following output:
Change Dir: /home/hamza/Projects_RTOS/projet_montre_connecte/neveau_dessin/SquareLine_Project/build/SquareLine_Project/CMakeFiles/CMakeTmp

Run Build Command(s):/home/hamza/ncs/toolchains/43683a87ea/usr/local/bin/ninja cmTC_45608 && [1/2] Building C object CMakeFiles/cmTC_45608.dir/src.c.obj
[2/2] Linking C executable cmTC_45608
arm-zephyr-eabi-gcc: warning: CMakeFiles/cmTC_45608.dir/src.c.obj: linker input file unused because linking not done


Source file was:
int main(void) { return 0; }
Performing C SOURCE FILE Test check_Wpacked_bitfield_compat_C__c__nostartfiles__nostdlib__isystem___home_hamza_ncs_toolchains_43683a87ea_opt_zephyr_sdk_arm_zephyr_eabi_bin____lib_gcc_arm_zephyr_eabi_12_2_0_include___isystem___home_hamza_ncs_toolchains_43683a87ea_opt_zephyr_sdk_arm_zephyr_eabi_bin____lib_gcc_arm_zephyr_eabi_12_2_0_include_fixed___Wl___unresolved_symbols_ignore_in_object_files__Wl___entry_0__fuse_ld_bfd succeeded with the following output:
Change Dir: /home/hamza/Projects_RTOS/projet_montre_connecte/neveau_dessin/SquareLine_Project/build/SquareLine_Project/CMakeFiles/CMakeTmp

Run Build Command(s):/home/hamza/ncs/toolchains/43683a87ea/usr/local/bin/ninja cmTC_65cdb && [1/2] Building C object CMakeFiles/cmTC_65cdb.dir/src.c.obj
[2/2] Linking C executable cmTC_65cdb
arm-zephyr-eabi-gcc: warning: CMakeFiles/cmTC_65cdb.dir/src.c.obj: linker input file unused because linking not done


Source file was:
int main(void) { return 0; }
Performing C SOURCE FILE Test check_Wvla_C__c__nostartfiles__nostdlib__isystem___home_hamza_ncs_toolchains_43683a87ea_opt_zephyr_sdk_arm_zephyr_eabi_bin____lib_gcc_arm_zephyr_eabi_12_2_0_include___isystem___home_hamza_ncs_toolchains_43683a87ea_opt_zephyr_sdk_arm_zephyr_eabi_bin____lib_gcc_arm_zephyr_eabi_12_2_0_include_fixed___Wl___unresolved_symbols_ignore_in_object_files__Wl___entry_0__fuse_ld_bfd succeeded with the following output:
Change Dir: /home/hamza/Projects_RTOS/projet_montre_connecte/neveau_dessin/SquareLine_Project/build/SquareLine_Project/CMakeFiles/CMakeTmp

Run Build Command(s):/home/hamza/ncs/toolchains/43683a87ea/usr/local/bin/ninja cmTC_e00d6 && [1/2] Building C object CMakeFiles/cmTC_e00d6.dir/src.c.obj
[2/2] Linking C executable cmTC_e00d6
arm-zephyr-eabi-gcc: warning: CMakeFiles/cmTC_e00d6.dir/src.c.obj: linker input file unused because linking not done


Source file was:
int main(void) { return 0; }
Performing C SOURCE FILE Test check_Wunused_but_set_variable_C__c__nostartfiles__nostdlib__isystem___home_hamza_ncs_toolchains_43683a87ea_opt_zephyr_sdk_arm_zephyr_eabi_bin____lib_gcc_arm_zephyr_eabi_12_2_0_include___isystem___home_hamza_ncs_toolchains_43683a87ea_opt_zephyr_sdk_arm_zephyr_eabi_bin____lib_gcc_arm_zephyr_eabi_12_2_0_include_fixed___Wl___unresolved_symbols_ignore_in_object_files__Wl___entry_0__fuse_ld_bfd succeeded with the following output:
Change Dir: /home/hamza/Projects_RTOS/projet_montre_connecte/neveau_dessin/SquareLine_Project/build/SquareLine_Project/CMakeFiles/CMakeTmp

Run Build Command(s):/home/hamza/ncs/toolchains/43683a87ea/usr/local/bin/ninja cmTC_56083 && [1/2] Building C object CMakeFiles/cmTC_56083.dir/src.c.obj
[2/2] Linking C executable cmTC_56083
arm-zephyr-eabi-gcc: warning: CMakeFiles/cmTC_56083.dir/src.c.obj: linker input file unused because linking not done


Source file was:
int main(void) { return 0; }
Performing C SOURCE FILE Test check_Werror_implicit_int_C__c__nostartfiles__nostdlib__isystem___home_hamza_ncs_toolchains_43683a87ea_opt_zephyr_sdk_arm_zephyr_eabi_bin____lib_gcc_arm_zephyr_eabi_12_2_0_include___isystem___home_hamza_ncs_toolchains_43683a87ea_opt_zephyr_sdk_arm_zephyr_eabi_bin____lib_gcc_arm_zephyr_eabi_12_2_0_include_fixed___Wl___unresolved_symbols_ignore_in_object_files__Wl___entry_0__fuse_ld_bfd succeeded with the following output:
Change Dir: /home/hamza/Projects_RTOS/projet_montre_connecte/neveau_dessin/SquareLine_Project/build/SquareLine_Project/CMakeFiles/CMakeTmp

Run Build Command(s):/home/hamza/ncs/toolchains/43683a87ea/usr/local/bin/ninja cmTC_f13e7 && [1/2] Building C object CMakeFiles/cmTC_f13e7.dir/src.c.obj
[2/2] Linking C executable cmTC_f13e7
arm-zephyr-eabi-gcc: warning: CMakeFiles/cmTC_f13e7.dir/src.c.obj: linker input file unused because linking not done


Source file was:
int main(void) { return 0; }
Performing C SOURCE FILE Test check_fno_printf_return_value_C__c__nostartfiles__nostdlib__isystem___home_hamza_ncs_toolchains_43683a87ea_opt_zephyr_sdk_arm_zephyr_eabi_bin____lib_gcc_arm_zephyr_eabi_12_2_0_include___isystem___home_hamza_ncs_toolchains_43683a87ea_opt_zephyr_sdk_arm_zephyr_eabi_bin____lib_gcc_arm_zephyr_eabi_12_2_0_include_fixed___Wl___unresolved_symbols_ignore_in_object_files__Wl___entry_0__fuse_ld_bfd succeeded with the following output:
Change Dir: /home/hamza/Projects_RTOS/projet_montre_connecte/neveau_dessin/SquareLine_Project/build/SquareLine_Project/CMakeFiles/CMakeTmp

Run Build Command(s):/home/hamza/ncs/toolchains/43683a87ea/usr/local/bin/ninja cmTC_4a244 && [1/2] Building C object CMakeFiles/cmTC_4a244.dir/src.c.obj
[2/2] Linking C executable cmTC_4a244
arm-zephyr-eabi-gcc: warning: CMakeFiles/cmTC_4a244.dir/src.c.obj: linker input file unused because linking not done


Source file was:
int main(void) { return 0; }
Performing C SOURCE FILE Test check_mstack_protector_guard_global_C__c__nostartfiles__nostdlib__isystem___home_hamza_ncs_toolchains_43683a87ea_opt_zephyr_sdk_arm_zephyr_eabi_bin____lib_gcc_arm_zephyr_eabi_12_2_0_include___isystem___home_hamza_ncs_toolchains_43683a87ea_opt_zephyr_sdk_arm_zephyr_eabi_bin____lib_gcc_arm_zephyr_eabi_12_2_0_include_fixed___Wl___unresolved_symbols_ignore_in_object_files__Wl___entry_0__fuse_ld_bfd succeeded with the following output:
Change Dir: /home/hamza/Projects_RTOS/projet_montre_connecte/neveau_dessin/SquareLine_Project/build/SquareLine_Project/CMakeFiles/CMakeTmp

Run Build Command(s):/home/hamza/ncs/toolchains/43683a87ea/usr/local/bin/ninja cmTC_40eb8 && [1/2] Building C object CMakeFiles/cmTC_40eb8.dir/src.c.obj
[2/2] Linking C executable cmTC_40eb8
arm-zephyr-eabi-gcc: warning: CMakeFiles/cmTC_40eb8.dir/src.c.obj: linker input file unused because linking not done


Source file was:
int main(void) { return 0; }
Performing C SOURCE FILE Test check_fsanitize_undefined_C__c__nostartfiles__nostdlib__isystem___home_hamza_ncs_toolchains_43683a87ea_opt_zephyr_sdk_arm_zephyr_eabi_bin____lib_gcc_arm_zephyr_eabi_12_2_0_include___isystem___home_hamza_ncs_toolchains_43683a87ea_opt_zephyr_sdk_arm_zephyr_eabi_bin____lib_gcc_arm_zephyr_eabi_12_2_0_include_fixed___Wl___unresolved_symbols_ignore_in_object_files__Wl___entry_0__fuse_ld_bfd succeeded with the following output:
Change Dir: /home/hamza/Projects_RTOS/projet_montre_connecte/neveau_dessin/SquareLine_Project/build/SquareLine_Project/CMakeFiles/CMakeTmp

Run Build Command(s):/home/hamza/ncs/toolchains/43683a87ea/usr/local/bin/ninja cmTC_d7ae9 && [1/2] Building C object CMakeFiles/cmTC_d7ae9.dir/src.c.obj
[2/2] Linking C executable cmTC_d7ae9
arm-zephyr-eabi-gcc: warning: CMakeFiles/cmTC_d7ae9.dir/src.c.obj: linker input file unused because linking not done


Source file was:
int main(void) { return 0; }
Performing C SOURCE FILE Test check_fsanitize_undefined_trap_on_error_C__c__nostartfiles__nostdlib__isystem___home_hamza_ncs_toolchains_43683a87ea_opt_zephyr_sdk_arm_zephyr_eabi_bin____lib_gcc_arm_zephyr_eabi_12_2_0_include___isystem___home_hamza_ncs_toolchains_43683a87ea_opt_zephyr_sdk_arm_zephyr_eabi_bin____lib_gcc_arm_zephyr_eabi_12_2_0_include_fixed___Wl___unresolved_symbols_ignore_in_object_files__Wl___entry_0__fuse_ld_bfd succeeded with the following output:
Change Dir: /home/hamza/Projects_RTOS/projet_montre_connecte/neveau_dessin/SquareLine_Project/build/SquareLine_Project/CMakeFiles/CMakeTmp

Run Build Command(s):/home/hamza/ncs/toolchains/43683a87ea/usr/local/bin/ninja cmTC_03740 && [1/2] Building C object CMakeFiles/cmTC_03740.dir/src.c.obj
[2/2] Linking C executable cmTC_03740
arm-zephyr-eabi-gcc: warning: CMakeFiles/cmTC_03740.dir/src.c.obj: linker input file unused because linking not done


Source file was:
int main(void) { return 0; }
Performing C SOURCE FILE Test check_fno_freestanding_C__c__nostartfiles__nostdlib__isystem___home_hamza_ncs_toolchains_43683a87ea_opt_zephyr_sdk_arm_zephyr_eabi_bin____lib_gcc_arm_zephyr_eabi_12_2_0_include___isystem___home_hamza_ncs_toolchains_43683a87ea_opt_zephyr_sdk_arm_zephyr_eabi_bin____lib_gcc_arm_zephyr_eabi_12_2_0_include_fixed___Wl___unresolved_symbols_ignore_in_object_files__Wl___entry_0__fuse_ld_bfd succeeded with the following output:
Change Dir: /home/hamza/Projects_RTOS/projet_montre_connecte/neveau_dessin/SquareLine_Project/build/SquareLine_Project/CMakeFiles/CMakeTmp

Run Build Command(s):/home/hamza/ncs/toolchains/43683a87ea/usr/local/bin/ninja cmTC_0f96f && [1/2] Building C object CMakeFiles/cmTC_0f96f.dir/src.c.obj
[2/2] Linking C executable cmTC_0f96f
arm-zephyr-eabi-gcc: warning: CMakeFiles/cmTC_0f96f.dir/src.c.obj: linker input file unused because linking not done


Source file was:
int main(void) { return 0; }
Performing C SOURCE FILE Test check_ffreestanding_C__c__nostartfiles__nostdlib__isystem___home_hamza_ncs_toolchains_43683a87ea_opt_zephyr_sdk_arm_zephyr_eabi_bin____lib_gcc_arm_zephyr_eabi_12_2_0_include___isystem___home_hamza_ncs_toolchains_43683a87ea_opt_zephyr_sdk_arm_zephyr_eabi_bin____lib_gcc_arm_zephyr_eabi_12_2_0_include_fixed___Wl___unresolved_symbols_ignore_in_object_files__Wl___entry_0__fuse_ld_bfd succeeded with the following output:
Change Dir: /home/hamza/Projects_RTOS/projet_montre_connecte/neveau_dessin/SquareLine_Project/build/SquareLine_Project/CMakeFiles/CMakeTmp

Run Build Command(s):/home/hamza/ncs/toolchains/43683a87ea/usr/local/bin/ninja cmTC_d1e46 && [1/2] Building C object CMakeFiles/cmTC_d1e46.dir/src.c.obj
[2/2] Linking C executable cmTC_d1e46
arm-zephyr-eabi-gcc: warning: CMakeFiles/cmTC_d1e46.dir/src.c.obj: linker input file unused because linking not done


Source file was:
int main(void) { return 0; }
Performing C SOURCE FILE Test check_gdwarf_4_C__c__nostartfiles__nostdlib__isystem___home_hamza_ncs_toolchains_43683a87ea_opt_zephyr_sdk_arm_zephyr_eabi_bin____lib_gcc_arm_zephyr_eabi_12_2_0_include___isystem___home_hamza_ncs_toolchains_43683a87ea_opt_zephyr_sdk_arm_zephyr_eabi_bin____lib_gcc_arm_zephyr_eabi_12_2_0_include_fixed___Wl___unresolved_symbols_ignore_in_object_files__Wl___entry_0__fuse_ld_bfd succeeded with the following output:
Change Dir: /home/hamza/Projects_RTOS/projet_montre_connecte/neveau_dessin/SquareLine_Project/build/SquareLine_Project/CMakeFiles/CMakeTmp

Run Build Command(s):/home/hamza/ncs/toolchains/43683a87ea/usr/local/bin/ninja cmTC_feb42 && [1/2] Building C object CMakeFiles/cmTC_feb42.dir/src.c.obj
[2/2] Linking C executable cmTC_feb42
arm-zephyr-eabi-gcc: warning: CMakeFiles/cmTC_feb42.dir/src.c.obj: linker input file unused because linking not done


Source file was:
int main(void) { return 0; }
Performing C SOURCE FILE Test check_fdiagnostics_color_always_C__c__nostartfiles__nostdlib__isystem___home_hamza_ncs_toolchains_43683a87ea_opt_zephyr_sdk_arm_zephyr_eabi_bin____lib_gcc_arm_zephyr_eabi_12_2_0_include___isystem___home_hamza_ncs_toolchains_43683a87ea_opt_zephyr_sdk_arm_zephyr_eabi_bin____lib_gcc_arm_zephyr_eabi_12_2_0_include_fixed___Wl___unresolved_symbols_ignore_in_object_files__Wl___entry_0__fuse_ld_bfd succeeded with the following output:
Change Dir: /home/hamza/Projects_RTOS/projet_montre_connecte/neveau_dessin/SquareLine_Project/build/SquareLine_Project/CMakeFiles/CMakeTmp

Run Build Command(s):/home/hamza/ncs/toolchains/43683a87ea/usr/local/bin/ninja cmTC_b41a2 && [1/2] Building C object CMakeFiles/cmTC_b41a2.dir/src.c.obj
[2/2] Linking C executable cmTC_b41a2
arm-zephyr-eabi-gcc: warning: CMakeFiles/cmTC_b41a2.dir/src.c.obj: linker input file unused because linking not done


Source file was:
int main(void) { return 0; }
Performing C SOURCE FILE Test check_C__c__nostartfiles__nostdlib__isystem___home_hamza_ncs_toolchains_43683a87ea_opt_zephyr_sdk_arm_zephyr_eabi_bin____lib_gcc_arm_zephyr_eabi_12_2_0_include___isystem___home_hamza_ncs_toolchains_43683a87ea_opt_zephyr_sdk_arm_zephyr_eabi_bin____lib_gcc_arm_zephyr_eabi_12_2_0_include_fixed___Wl___unresolved_symbols_ignore_in_object_files__Wl___entry_0__fuse_ld_bfd__Wl___gc_sections succeeded with the following output:
Change Dir: /home/hamza/Projects_RTOS/projet_montre_connecte/neveau_dessin/SquareLine_Project/build/SquareLine_Project/CMakeFiles/CMakeTmp

Run Build Command(s):/home/hamza/ncs/toolchains/43683a87ea/usr/local/bin/ninja cmTC_05715 && [1/2] Building C object CMakeFiles/cmTC_05715.dir/src.c.obj
[2/2] Linking C executable cmTC_05715
arm-zephyr-eabi-gcc: warning: CMakeFiles/cmTC_05715.dir/src.c.obj: linker input file unused because linking not done


Source file was:
int main(void) { return 0; }
Performing C SOURCE FILE Test check_C__c__nostartfiles__nostdlib__isystem___home_hamza_ncs_toolchains_43683a87ea_opt_zephyr_sdk_arm_zephyr_eabi_bin____lib_gcc_arm_zephyr_eabi_12_2_0_include___isystem___home_hamza_ncs_toolchains_43683a87ea_opt_zephyr_sdk_arm_zephyr_eabi_bin____lib_gcc_arm_zephyr_eabi_12_2_0_include_fixed___Wl___unresolved_symbols_ignore_in_object_files__Wl___entry_0__fuse_ld_bfd__Wl___build_id_none succeeded with the following output:
Change Dir: /home/hamza/Projects_RTOS/projet_montre_connecte/neveau_dessin/SquareLine_Project/build/SquareLine_Project/CMakeFiles/CMakeTmp

Run Build Command(s):/home/hamza/ncs/toolchains/43683a87ea/usr/local/bin/ninja cmTC_80b3e && [1/2] Building C object CMakeFiles/cmTC_80b3e.dir/src.c.obj
[2/2] Linking C executable cmTC_80b3e
arm-zephyr-eabi-gcc: warning: CMakeFiles/cmTC_80b3e.dir/src.c.obj: linker input file unused because linking not done


Source file was:
int main(void) { return 0; }
Performing C SOURCE FILE Test check_C__c__nostartfiles__nostdlib__isystem___home_hamza_ncs_toolchains_43683a87ea_opt_zephyr_sdk_arm_zephyr_eabi_bin____lib_gcc_arm_zephyr_eabi_12_2_0_include___isystem___home_hamza_ncs_toolchains_43683a87ea_opt_zephyr_sdk_arm_zephyr_eabi_bin____lib_gcc_arm_zephyr_eabi_12_2_0_include_fixed___Wl___unresolved_symbols_ignore_in_object_files__Wl___entry_0__fuse_ld_bfd__nostdlib succeeded with the following output:
Change Dir: /home/hamza/Projects_RTOS/projet_montre_connecte/neveau_dessin/SquareLine_Project/build/SquareLine_Project/CMakeFiles/CMakeTmp

Run Build Command(s):/home/hamza/ncs/toolchains/43683a87ea/usr/local/bin/ninja cmTC_ca57f && [1/2] Building C object CMakeFiles/cmTC_ca57f.dir/src.c.obj
[2/2] Linking C executable cmTC_ca57f
arm-zephyr-eabi-gcc: warning: CMakeFiles/cmTC_ca57f.dir/src.c.obj: linker input file unused because linking not done


Source file was:
int main(void) { return 0; }
Performing C SOURCE FILE Test check_C__c__nostartfiles__nostdlib__isystem___home_hamza_ncs_toolchains_43683a87ea_opt_zephyr_sdk_arm_zephyr_eabi_bin____lib_gcc_arm_zephyr_eabi_12_2_0_include___isystem___home_hamza_ncs_toolchains_43683a87ea_opt_zephyr_sdk_arm_zephyr_eabi_bin____lib_gcc_arm_zephyr_eabi_12_2_0_include_fixed___Wl___unresolved_symbols_ignore_in_object_files__Wl___entry_0__fuse_ld_bfd__static succeeded with the following output:
Change Dir: /home/hamza/Projects_RTOS/projet_montre_connecte/neveau_dessin/SquareLine_Project/build/SquareLine_Project/CMakeFiles/CMakeTmp

Run Build Command(s):/home/hamza/ncs/toolchains/43683a87ea/usr/local/bin/ninja cmTC_8d44b && [1/2] Building C object CMakeFiles/cmTC_8d44b.dir/src.c.obj
[2/2] Linking C executable cmTC_8d44b
arm-zephyr-eabi-gcc: warning: CMakeFiles/cmTC_8d44b.dir/src.c.obj: linker input file unused because linking not done


Source file was:
int main(void) { return 0; }
Performing C SOURCE FILE Test check_C__c__nostartfiles__nostdlib__isystem___home_hamza_ncs_toolchains_43683a87ea_opt_zephyr_sdk_arm_zephyr_eabi_bin____lib_gcc_arm_zephyr_eabi_12_2_0_include___isystem___home_hamza_ncs_toolchains_43683a87ea_opt_zephyr_sdk_arm_zephyr_eabi_bin____lib_gcc_arm_zephyr_eabi_12_2_0_include_fixed___Wl___unresolved_symbols_ignore_in_object_files__Wl___entry_0__fuse_ld_bfd__Wl__X succeeded with the following output:
Change Dir: /home/hamza/Projects_RTOS/projet_montre_connecte/neveau_dessin/SquareLine_Project/build/SquareLine_Project/CMakeFiles/CMakeTmp

Run Build Command(s):/home/hamza/ncs/toolchains/43683a87ea/usr/local/bin/ninja cmTC_0d0ef && [1/2] Building C object CMakeFiles/cmTC_0d0ef.dir/src.c.obj
[2/2] Linking C executable cmTC_0d0ef
arm-zephyr-eabi-gcc: warning: CMakeFiles/cmTC_0d0ef.dir/src.c.obj: linker input file unused because linking not done


Source file was:
int main(void) { return 0; }
Performing C SOURCE FILE Test check_C__c__nostartfiles__nostdlib__isystem___home_hamza_ncs_toolchains_43683a87ea_opt_zephyr_sdk_arm_zephyr_eabi_bin____lib_gcc_arm_zephyr_eabi_12_2_0_include___isystem___home_hamza_ncs_toolchains_43683a87ea_opt_zephyr_sdk_arm_zephyr_eabi_bin____lib_gcc_arm_zephyr_eabi_12_2_0_include_fixed___Wl___unresolved_symbols_ignore_in_object_files__Wl___entry_0__fuse_ld_bfd__Wl__N succeeded with the following output:
Change Dir: /home/hamza/Projects_RTOS/projet_montre_connecte/neveau_dessin/SquareLine_Project/build/SquareLine_Project/CMakeFiles/CMakeTmp

Run Build Command(s):/home/hamza/ncs/toolchains/43683a87ea/usr/local/bin/ninja cmTC_d894b && [1/2] Building C object CMakeFiles/cmTC_d894b.dir/src.c.obj
[2/2] Linking C executable cmTC_d894b
arm-zephyr-eabi-gcc: warning: CMakeFiles/cmTC_d894b.dir/src.c.obj: linker input file unused because linking not done


Source file was:
int main(void) { return 0; }
Performing C SOURCE FILE Test check_C__c__nostartfiles__nostdlib__isystem___home_hamza_ncs_toolchains_43683a87ea_opt_zephyr_sdk_arm_zephyr_eabi_bin____lib_gcc_arm_zephyr_eabi_12_2_0_include___isystem___home_hamza_ncs_toolchains_43683a87ea_opt_zephyr_sdk_arm_zephyr_eabi_bin____lib_gcc_arm_zephyr_eabi_12_2_0_include_fixed___Wl___unresolved_symbols_ignore_in_object_files__Wl___entry_0__fuse_ld_bfd__Wl___orphan_handling_warn succeeded with the following output:
Change Dir: /home/hamza/Projects_RTOS/projet_montre_connecte/neveau_dessin/SquareLine_Project/build/SquareLine_Project/CMakeFiles/CMakeTmp

Run Build Command(s):/home/hamza/ncs/toolchains/43683a87ea/usr/local/bin/ninja cmTC_36b2e && [1/2] Building C object CMakeFiles/cmTC_36b2e.dir/src.c.obj
[2/2] Linking C executable cmTC_36b2e
arm-zephyr-eabi-gcc: warning: CMakeFiles/cmTC_36b2e.dir/src.c.obj: linker input file unused because linking not done


Source file was:
int main(void) { return 0; }
Performing C SOURCE FILE Test check_C__c__nostartfiles__nostdlib__isystem___home_hamza_ncs_toolchains_43683a87ea_opt_zephyr_sdk_arm_zephyr_eabi_bin____lib_gcc_arm_zephyr_eabi_12_2_0_include___isystem___home_hamza_ncs_toolchains_43683a87ea_opt_zephyr_sdk_arm_zephyr_eabi_bin____lib_gcc_arm_zephyr_eabi_12_2_0_include_fixed___Wl___unresolved_symbols_ignore_in_object_files__Wl___entry_0__fuse_ld_bfd__Wl___orphan_handling_error succeeded with the following output:
Change Dir: /home/hamza/Projects_RTOS/projet_montre_connecte/neveau_dessin/SquareLine_Project/build/SquareLine_Project/CMakeFiles/CMakeTmp

Run Build Command(s):/home/hamza/ncs/toolchains/43683a87ea/usr/local/bin/ninja cmTC_d5efd && [1/2] Building C object CMakeFiles/cmTC_d5efd.dir/src.c.obj
[2/2] Linking C executable cmTC_d5efd
arm-zephyr-eabi-gcc: warning: CMakeFiles/cmTC_d5efd.dir/src.c.obj: linker input file unused because linking not done


Source file was:
int main(void) { return 0; }
Performing C SOURCE FILE Test check_C__c__nostartfiles__nostdlib__isystem___home_hamza_ncs_toolchains_43683a87ea_opt_zephyr_sdk_arm_zephyr_eabi_bin____lib_gcc_arm_zephyr_eabi_12_2_0_include___isystem___home_hamza_ncs_toolchains_43683a87ea_opt_zephyr_sdk_arm_zephyr_eabi_bin____lib_gcc_arm_zephyr_eabi_12_2_0_include_fixed___Wl___unresolved_symbols_ignore_in_object_files__Wl___entry_0__fuse_ld_bfd__Wl___print_memory_usage succeeded with the following output:
Change Dir: /home/hamza/Projects_RTOS/projet_montre_connecte/neveau_dessin/SquareLine_Project/build/SquareLine_Project/CMakeFiles/CMakeTmp

Run Build Command(s):/home/hamza/ncs/toolchains/43683a87ea/usr/local/bin/ninja cmTC_4d75c && [1/2] Building C object CMakeFiles/cmTC_4d75c.dir/src.c.obj
[2/2] Linking C executable cmTC_4d75c
arm-zephyr-eabi-gcc: warning: CMakeFiles/cmTC_4d75c.dir/src.c.obj: linker input file unused because linking not done


Source file was:
int main(void) { return 0; }
Performing C SOURCE FILE Test check_C__c__nostartfiles__nostdlib__isystem___home_hamza_ncs_toolchains_43683a87ea_opt_zephyr_sdk_arm_zephyr_eabi_bin____lib_gcc_arm_zephyr_eabi_12_2_0_include___isystem___home_hamza_ncs_toolchains_43683a87ea_opt_zephyr_sdk_arm_zephyr_eabi_bin____lib_gcc_arm_zephyr_eabi_12_2_0_include_fixed___Wl___unresolved_symbols_ignore_in_object_files__Wl___entry_0__fuse_ld_bfd__fsanitize_undefined succeeded with the following output:
Change Dir: /home/hamza/Projects_RTOS/projet_montre_connecte/neveau_dessin/SquareLine_Project/build/SquareLine_Project/CMakeFiles/CMakeTmp

Run Build Command(s):/home/hamza/ncs/toolchains/43683a87ea/usr/local/bin/ninja cmTC_28151 && [1/2] Building C object CMakeFiles/cmTC_28151.dir/src.c.obj
[2/2] Linking C executable cmTC_28151
arm-zephyr-eabi-gcc: warning: CMakeFiles/cmTC_28151.dir/src.c.obj: linker input file unused because linking not done


Source file was:
int main(void) { return 0; }
Performing C SOURCE FILE Test check_C__c__nostartfiles__nostdlib__isystem___home_hamza_ncs_toolchains_43683a87ea_opt_zephyr_sdk_arm_zephyr_eabi_bin____lib_gcc_arm_zephyr_eabi_12_2_0_include___isystem___home_hamza_ncs_toolchains_43683a87ea_opt_zephyr_sdk_arm_zephyr_eabi_bin____lib_gcc_arm_zephyr_eabi_12_2_0_include_fixed___Wl___unresolved_symbols_ignore_in_object_files__Wl___entry_0__fuse_ld_bfd__fsanitize_undefined_trap_on_error succeeded with the following output:
Change Dir: /home/hamza/Projects_RTOS/projet_montre_connecte/neveau_dessin/SquareLine_Project/build/SquareLine_Project/CMakeFiles/CMakeTmp

Run Build Command(s):/home/hamza/ncs/toolchains/43683a87ea/usr/local/bin/ninja cmTC_b2322 && [1/2] Building C object CMakeFiles/cmTC_b2322.dir/src.c.obj
[2/2] Linking C executable cmTC_b2322
arm-zephyr-eabi-gcc: warning: CMakeFiles/cmTC_b2322.dir/src.c.obj: linker input file unused because linking not done


Source file was:
int main(void) { return 0; }
Performing C SOURCE FILE Test check_C__c__nostartfiles__nostdlib__isystem___home_hamza_ncs_toolchains_43683a87ea_opt_zephyr_sdk_arm_zephyr_eabi_bin____lib_gcc_arm_zephyr_eabi_12_2_0_include___isystem___home_hamza_ncs_toolchains_43683a87ea_opt_zephyr_sdk_arm_zephyr_eabi_bin____lib_gcc_arm_zephyr_eabi_12_2_0_include_fixed___Wl___unresolved_symbols_ignore_in_object_files__Wl___entry_0__fuse_ld_bfd__Wl___no_relax succeeded with the following output:
Change Dir: /home/hamza/Projects_RTOS/projet_montre_connecte/neveau_dessin/SquareLine_Project/build/SquareLine_Project/CMakeFiles/CMakeTmp

Run Build Command(s):/home/hamza/ncs/toolchains/43683a87ea/usr/local/bin/ninja cmTC_298a1 && [1/2] Building C object CMakeFiles/cmTC_298a1.dir/src.c.obj
[2/2] Linking C executable cmTC_298a1
arm-zephyr-eabi-gcc: warning: CMakeFiles/cmTC_298a1.dir/src.c.obj: linker input file unused because linking not done


Source file was:
int main(void) { return 0; }
Performing C SOURCE FILE Test check_C__c__nostartfiles__nostdlib__isystem___home_hamza_ncs_toolchains_43683a87ea_opt_zephyr_sdk_arm_zephyr_eabi_bin____lib_gcc_arm_zephyr_eabi_12_2_0_include___isystem___home_hamza_ncs_toolchains_43683a87ea_opt_zephyr_sdk_arm_zephyr_eabi_bin____lib_gcc_arm_zephyr_eabi_12_2_0_include_fixed___Wl___unresolved_symbols_ignore_in_object_files__Wl___entry_0__fuse_ld_bfd__Wl___sort_common_descending succeeded with the following output:
Change Dir: /home/hamza/Projects_RTOS/projet_montre_connecte/neveau_dessin/SquareLine_Project/build/SquareLine_Project/CMakeFiles/CMakeTmp

Run Build Command(s):/home/hamza/ncs/toolchains/43683a87ea/usr/local/bin/ninja cmTC_8be29 && [1/2] Building C object CMakeFiles/cmTC_8be29.dir/src.c.obj
[2/2] Linking C executable cmTC_8be29
arm-zephyr-eabi-gcc: warning: CMakeFiles/cmTC_8be29.dir/src.c.obj: linker input file unused because linking not done


Source file was:
int main(void) { return 0; }
Performing C SOURCE FILE Test check_C__c__nostartfiles__nostdlib__isystem___home_hamza_ncs_toolchains_43683a87ea_opt_zephyr_sdk_arm_zephyr_eabi_bin____lib_gcc_arm_zephyr_eabi_12_2_0_include___isystem___home_hamza_ncs_toolchains_43683a87ea_opt_zephyr_sdk_arm_zephyr_eabi_bin____lib_gcc_arm_zephyr_eabi_12_2_0_include_fixed___Wl___unresolved_symbols_ignore_in_object_files__Wl___entry_0__fuse_ld_bfd__Wl___sort_section_alignment succeeded with the following output:
Change Dir: /home/hamza/Projects_RTOS/projet_montre_connecte/neveau_dessin/SquareLine_Project/build/SquareLine_Project/CMakeFiles/CMakeTmp

Run Build Command(s):/home/hamza/ncs/toolchains/43683a87ea/usr/local/bin/ninja cmTC_75afb && [1/2] Building C object CMakeFiles/cmTC_75afb.dir/src.c.obj
[2/2] Linking C executable cmTC_75afb
arm-zephyr-eabi-gcc: warning: CMakeFiles/cmTC_75afb.dir/src.c.obj: linker input file unused because linking not done


Source file was:
int main(void) { return 0; }
Performing C SOURCE FILE Test check_C__c__nostartfiles__nostdlib__isystem___home_hamza_ncs_toolchains_43683a87ea_opt_zephyr_sdk_arm_zephyr_eabi_bin____lib_gcc_arm_zephyr_eabi_12_2_0_include___isystem___home_hamza_ncs_toolchains_43683a87ea_opt_zephyr_sdk_arm_zephyr_eabi_bin____lib_gcc_arm_zephyr_eabi_12_2_0_include_fixed___Wl___unresolved_symbols_ignore_in_object_files__Wl___entry_0__fuse_ld_bfd__pg succeeded with the following output:
Change Dir: /home/hamza/Projects_RTOS/projet_montre_connecte/neveau_dessin/SquareLine_Project/build/SquareLine_Project/CMakeFiles/CMakeTmp

Run Build Command(s):/home/hamza/ncs/toolchains/43683a87ea/usr/local/bin/ninja cmTC_2656d && [1/2] Building C object CMakeFiles/cmTC_2656d.dir/src.c.obj
[2/2] Linking C executable cmTC_2656d
arm-zephyr-eabi-gcc: warning: CMakeFiles/cmTC_2656d.dir/src.c.obj: linker input file unused because linking not done


Source file was:
int main(void) { return 0; }
Performing C SOURCE FILE Test check_C__c__nostartfiles__nostdlib__isystem___home_hamza_ncs_toolchains_43683a87ea_opt_zephyr_sdk_arm_zephyr_eabi_bin____lib_gcc_arm_zephyr_eabi_12_2_0_include___isystem___home_hamza_ncs_toolchains_43683a87ea_opt_zephyr_sdk_arm_zephyr_eabi_bin____lib_gcc_arm_zephyr_eabi_12_2_0_include_fixed___Wl___unresolved_symbols_ignore_in_object_files__Wl___entry_0__fuse_ld_bfd__mcpu_cortex_m33__mthumb__mabi_aapcs__mfp16_format_ieee__mtp_soft__fuse_ld_bfd succeeded with the following output:
Change Dir: /home/hamza/Projects_RTOS/projet_montre_connecte/neveau_dessin/SquareLine_Project/build/SquareLine_Project/CMakeFiles/CMakeTmp

Run Build Command(s):/home/hamza/ncs/toolchains/43683a87ea/usr/local/bin/ninja cmTC_e1153 && [1/2] Building C object CMakeFiles/cmTC_e1153.dir/src.c.obj
[2/2] Linking C executable cmTC_e1153
arm-zephyr-eabi-gcc: warning: CMakeFiles/cmTC_e1153.dir/src.c.obj: linker input file unused because linking not done


Source file was:
int main(void) { return 0; }
Performing C SOURCE FILE Test check_fno_asynchronous_unwind_tables_C__c__nostartfiles__nostdlib__isystem___home_hamza_ncs_toolchains_43683a87ea_opt_zephyr_sdk_arm_zephyr_eabi_bin____lib_gcc_arm_zephyr_eabi_12_2_0_include___isystem___home_hamza_ncs_toolchains_43683a87ea_opt_zephyr_sdk_arm_zephyr_eabi_bin____lib_gcc_arm_zephyr_eabi_12_2_0_include_fixed___Wl___unresolved_symbols_ignore_in_object_files__Wl___entry_0__fuse_ld_bfd succeeded with the following output:
Change Dir: /home/hamza/Projects_RTOS/projet_montre_connecte/neveau_dessin/SquareLine_Project/build/SquareLine_Project/CMakeFiles/CMakeTmp

Run Build Command(s):/home/hamza/ncs/toolchains/43683a87ea/usr/local/bin/ninja cmTC_8cc8d && [1/2] Building C object CMakeFiles/cmTC_8cc8d.dir/src.c.obj
[2/2] Linking C executable cmTC_8cc8d
arm-zephyr-eabi-gcc: warning: CMakeFiles/cmTC_8cc8d.dir/src.c.obj: linker input file unused because linking not done


Source file was:
int main(void) { return 0; }
Performing C SOURCE FILE Test check_ftls_model_local_exec_C__c__nostartfiles__nostdlib__isystem___home_hamza_ncs_toolchains_43683a87ea_opt_zephyr_sdk_arm_zephyr_eabi_bin____lib_gcc_arm_zephyr_eabi_12_2_0_include___isystem___home_hamza_ncs_toolchains_43683a87ea_opt_zephyr_sdk_arm_zephyr_eabi_bin____lib_gcc_arm_zephyr_eabi_12_2_0_include_fixed___Wl___unresolved_symbols_ignore_in_object_files__Wl___entry_0__fuse_ld_bfd succeeded with the following output:
Change Dir: /home/hamza/Projects_RTOS/projet_montre_connecte/neveau_dessin/SquareLine_Project/build/SquareLine_Project/CMakeFiles/CMakeTmp

Run Build Command(s):/home/hamza/ncs/toolchains/43683a87ea/usr/local/bin/ninja cmTC_a4408 && [1/2] Building C object CMakeFiles/cmTC_a4408.dir/src.c.obj
[2/2] Linking C executable cmTC_a4408
arm-zephyr-eabi-gcc: warning: CMakeFiles/cmTC_a4408.dir/src.c.obj: linker input file unused because linking not done


Source file was:
int main(void) { return 0; }
Performing C SOURCE FILE Test check_fno_reorder_functions_C__c__nostartfiles__nostdlib__isystem___home_hamza_ncs_toolchains_43683a87ea_opt_zephyr_sdk_arm_zephyr_eabi_bin____lib_gcc_arm_zephyr_eabi_12_2_0_include___isystem___home_hamza_ncs_toolchains_43683a87ea_opt_zephyr_sdk_arm_zephyr_eabi_bin____lib_gcc_arm_zephyr_eabi_12_2_0_include_fixed___Wl___unresolved_symbols_ignore_in_object_files__Wl___entry_0__fuse_ld_bfd succeeded with the following output:
Change Dir: /home/hamza/Projects_RTOS/projet_montre_connecte/neveau_dessin/SquareLine_Project/build/SquareLine_Project/CMakeFiles/CMakeTmp

Run Build Command(s):/home/hamza/ncs/toolchains/43683a87ea/usr/local/bin/ninja cmTC_f0503 && [1/2] Building C object CMakeFiles/cmTC_f0503.dir/src.c.obj
[2/2] Linking C executable cmTC_f0503
arm-zephyr-eabi-gcc: warning: CMakeFiles/cmTC_f0503.dir/src.c.obj: linker input file unused because linking not done


Source file was:
int main(void) { return 0; }
Performing C SOURCE FILE Test check__param_min_pagesize_0_C__c__nostartfiles__nostdlib__isystem___home_hamza_ncs_toolchains_43683a87ea_opt_zephyr_sdk_arm_zephyr_eabi_bin____lib_gcc_arm_zephyr_eabi_12_2_0_include___isystem___home_hamza_ncs_toolchains_43683a87ea_opt_zephyr_sdk_arm_zephyr_eabi_bin____lib_gcc_arm_zephyr_eabi_12_2_0_include_fixed___Wl___unresolved_symbols_ignore_in_object_files__Wl___entry_0__fuse_ld_bfd succeeded with the following output:
Change Dir: /home/hamza/Projects_RTOS/projet_montre_connecte/neveau_dessin/SquareLine_Project/build/SquareLine_Project/CMakeFiles/CMakeTmp

Run Build Command(s):/home/hamza/ncs/toolchains/43683a87ea/usr/local/bin/ninja cmTC_644ae && [1/2] Building C object CMakeFiles/cmTC_644ae.dir/src.c.obj
[2/2] Linking C executable cmTC_644ae
arm-zephyr-eabi-gcc: warning: CMakeFiles/cmTC_644ae.dir/src.c.obj: linker input file unused because linking not done


Source file was:
int main(void) { return 0; }
Performing C SOURCE FILE Test check_fno_defer_pop_C__c__nostartfiles__nostdlib__isystem___home_hamza_ncs_toolchains_43683a87ea_opt_zephyr_sdk_arm_zephyr_eabi_bin____lib_gcc_arm_zephyr_eabi_12_2_0_include___isystem___home_hamza_ncs_toolchains_43683a87ea_opt_zephyr_sdk_arm_zephyr_eabi_bin____lib_gcc_arm_zephyr_eabi_12_2_0_include_fixed___Wl___unresolved_symbols_ignore_in_object_files__Wl___entry_0__fuse_ld_bfd succeeded with the following output:
Change Dir: /home/hamza/Projects_RTOS/projet_montre_connecte/neveau_dessin/SquareLine_Project/build/SquareLine_Project/CMakeFiles/CMakeTmp

Run Build Command(s):/home/hamza/ncs/toolchains/43683a87ea/usr/local/bin/ninja cmTC_748cc && [1/2] Building C object CMakeFiles/cmTC_748cc.dir/src.c.obj
[2/2] Linking C executable cmTC_748cc
arm-zephyr-eabi-gcc: warning: CMakeFiles/cmTC_748cc.dir/src.c.obj: linker input file unused because linking not done


Source file was:
int main(void) { return 0; }
Performing C SOURCE FILE Test check_fmacro_prefix_map__home_hamza_Projects_RTOS_projet_montre_connecte_neveau_dessin_SquareLine_Project_CMAKE_SOURCE_DIR_C__c__nostartfiles__nostdlib__isystem___home_hamza_ncs_toolchains_43683a87ea_opt_zephyr_sdk_arm_zephyr_eabi_bin____lib_gcc_arm_zephyr_eabi_12_2_0_include___isystem___home_hamza_ncs_toolchains_43683a87ea_opt_zephyr_sdk_arm_zephyr_eabi_bin____lib_gcc_arm_zephyr_eabi_12_2_0_include_fixed___Wl___unresolved_symbols_ignore_in_object_files__Wl___entry_0__fuse_ld_bfd succeeded with the following output:
Change Dir: /home/hamza/Projects_RTOS/projet_montre_connecte/neveau_dessin/SquareLine_Project/build/SquareLine_Project/CMakeFiles/CMakeTmp

Run Build Command(s):/home/hamza/ncs/toolchains/43683a87ea/usr/local/bin/ninja cmTC_aeba9 && [1/2] Building C object CMakeFiles/cmTC_aeba9.dir/src.c.obj
[2/2] Linking C executable cmTC_aeba9
arm-zephyr-eabi-gcc: warning: CMakeFiles/cmTC_aeba9.dir/src.c.obj: linker input file unused because linking not done


Source file was:
int main(void) { return 0; }
Performing C SOURCE FILE Test check_fmacro_prefix_map__home_hamza_ncs_v3_2_1_zephyr_ZEPHYR_BASE_C__c__nostartfiles__nostdlib__isystem___home_hamza_ncs_toolchains_43683a87ea_opt_zephyr_sdk_arm_zephyr_eabi_bin____lib_gcc_arm_zephyr_eabi_12_2_0_include___isystem___home_hamza_ncs_toolchains_43683a87ea_opt_zephyr_sdk_arm_zephyr_eabi_bin____lib_gcc_arm_zephyr_eabi_12_2_0_include_fixed___Wl___unresolved_symbols_ignore_in_object_files__Wl___entry_0__fuse_ld_bfd succeeded with the following output:
Change Dir: /home/hamza/Projects_RTOS/projet_montre_connecte/neveau_dessin/SquareLine_Project/build/SquareLine_Project/CMakeFiles/CMakeTmp

Run Build Command(s):/home/hamza/ncs/toolchains/43683a87ea/usr/local/bin/ninja cmTC_434ce && [1/2] Building C object CMakeFiles/cmTC_434ce.dir/src.c.obj
[2/2] Linking C executable cmTC_434ce
arm-zephyr-eabi-gcc: warning: CMakeFiles/cmTC_434ce.dir/src.c.obj: linker input file unused because linking not done


Source file was:
int main(void) { return 0; }
Performing C SOURCE FILE Test check_fmacro_prefix_map__home_hamza_ncs_v3_2_1_WEST_TOPDIR_C__c__nostartfiles__nostdlib__isystem___home_hamza_ncs_toolchains_43683a87ea_opt_zephyr_sdk_arm_zephyr_eabi_bin____lib_gcc_arm_zephyr_eabi_12_2_0_include___isystem___home_hamza_ncs_toolchains_43683a87ea_opt_zephyr_sdk_arm_zephyr_eabi_bin____lib_gcc_arm_zephyr_eabi_12_2_0_include_fixed___Wl___unresolved_symbols_ignore_in_object_files__Wl___entry_0__fuse_ld_bfd succeeded with the following output:
Change Dir: /home/hamza/Projects_RTOS/projet_montre_connecte/neveau_dessin/SquareLine_Project/build/SquareLine_Project/CMakeFiles/CMakeTmp

Run Build Command(s):/home/hamza/ncs/toolchains/43683a87ea/usr/local/bin/ninja cmTC_d35e2 && [1/2] Building C object CMakeFiles/cmTC_d35e2.dir/src.c.obj
[2/2] Linking C executable cmTC_d35e2
arm-zephyr-eabi-gcc: warning: CMakeFiles/cmTC_d35e2.dir/src.c.obj: linker input file unused because linking not done


Source file was:
int main(void) { return 0; }
Performing C SOURCE FILE Test check_ffunction_sections_C__c__nostartfiles__nostdlib__isystem___home_hamza_ncs_toolchains_43683a87ea_opt_zephyr_sdk_arm_zephyr_eabi_bin____lib_gcc_arm_zephyr_eabi_12_2_0_include___isystem___home_hamza_ncs_toolchains_43683a87ea_opt_zephyr_sdk_arm_zephyr_eabi_bin____lib_gcc_arm_zephyr_eabi_12_2_0_include_fixed___Wl___unresolved_symbols_ignore_in_object_files__Wl___entry_0__fuse_ld_bfd succeeded with the following output:
Change Dir: /home/hamza/Projects_RTOS/projet_montre_connecte/neveau_dessin/SquareLine_Project/build/SquareLine_Project/CMakeFiles/CMakeTmp

Run Build Command(s):/home/hamza/ncs/toolchains/43683a87ea/usr/local/bin/ninja cmTC_a1ddb && [1/2] Building C object CMakeFiles/cmTC_a1ddb.dir/src.c.obj
[2/2] Linking C executable cmTC_a1ddb
arm-zephyr-eabi-gcc: warning: CMakeFiles/cmTC_a1ddb.dir/src.c.obj: linker input file unused because linking not done


Source file was:
int main(void) { return 0; }
Performing C SOURCE FILE Test check_fdata_sections_C__c__nostartfiles__nostdlib__isystem___home_hamza_ncs_toolchains_43683a87ea_opt_zephyr_sdk_arm_zephyr_eabi_bin____lib_gcc_arm_zephyr_eabi_12_2_0_include___isystem___home_hamza_ncs_toolchains_43683a87ea_opt_zephyr_sdk_arm_zephyr_eabi_bin____lib_gcc_arm_zephyr_eabi_12_2_0_include_fixed___Wl___unresolved_symbols_ignore_in_object_files__Wl___entry_0__fuse_ld_bfd succeeded with the following output:
Change Dir: /home/hamza/Projects_RTOS/projet_montre_connecte/neveau_dessin/SquareLine_Project/build/SquareLine_Project/CMakeFiles/CMakeTmp

Run Build Command(s):/home/hamza/ncs/toolchains/43683a87ea/usr/local/bin/ninja cmTC_0c6c0 && [1/2] Building C object CMakeFiles/cmTC_0c6c0.dir/src.c.obj
[2/2] Linking C executable cmTC_0c6c0
arm-zephyr-eabi-gcc: warning: CMakeFiles/cmTC_0c6c0.dir/src.c.obj: linker input file unused because linking not done


Source file was:
int main(void) { return 0; }
